
Loop Error:
Traceback (most recent call last):
  File "d:\Source\repos\TILES-PYTHON\main.py", line 116, in run_game_loop
    self.update(dt)
    ~~~~~~~~~~~^^^^
  File "d:\Source\repos\TILES-PYTHON\main.py", line 179, in update
    self.game_engine.update(0, dt)
    ~~~~~~~~~~~~~~~~~~~~~~~^^^^^^^
  File "d:\Source\repos\TILES-PYTHON\src\gameplay\engine.py", line 293, in update
    snow.update(dt, constants.SCREEN_WIDTH, constants.SCREEN_HEIGHT, snow_pulse)
    ~~~~~~~~~~~^^^^^^^^^^^^^^^^^^^^^^^^^^^^^^^^^^^^^^^^^^^^^^^^^^^^^^^^^^^^^^^^^
TypeError: SnowParticle.update() takes 4 positional arguments but 5 were given

Loop Error:
Traceback (most recent call last):
  File "d:\Source\repos\TILES-PYTHON\main.py", line 116, in run_game_loop
    self.update(dt)
    ~~~~~~~~~~~^^^^
  File "d:\Source\repos\TILES-PYTHON\main.py", line 179, in update
    self.game_engine.update(0, dt)
    ~~~~~~~~~~~~~~~~~~~~~~~^^^^^^^
  File "d:\Source\repos\TILES-PYTHON\src\gameplay\engine.py", line 293, in update
    snow.update(dt, constants.SCREEN_WIDTH, constants.SCREEN_HEIGHT, snow_pulse)
    ~~~~~~~~~~~^^^^^^^^^^^^^^^^^^^^^^^^^^^^^^^^^^^^^^^^^^^^^^^^^^^^^^^^^^^^^^^^^
TypeError: SnowParticle.update() takes 4 positional arguments but 5 were given

Loop Error:
Traceback (most recent call last):
  File "d:\Source\repos\TILES-PYTHON\main.py", line 116, in run_game_loop
    self.update(dt)
    ~~~~~~~~~~~^^^^
  File "d:\Source\repos\TILES-PYTHON\main.py", line 179, in update
    self.game_engine.update(0, dt)
    ~~~~~~~~~~~~~~~~~~~~~~~^^^^^^^
  File "d:\Source\repos\TILES-PYTHON\src\gameplay\engine.py", line 293, in update
    snow.update(dt, constants.SCREEN_WIDTH, constants.SCREEN_HEIGHT, snow_pulse)
    ~~~~~~~~~~~^^^^^^^^^^^^^^^^^^^^^^^^^^^^^^^^^^^^^^^^^^^^^^^^^^^^^^^^^^^^^^^^^
TypeError: SnowParticle.update() takes 4 positional arguments but 5 were given

Loop Error:
Traceback (most recent call last):
  File "d:\Source\repos\TILES-PYTHON\main.py", line 116, in run_game_loop
    self.update(dt)
    ~~~~~~~~~~~^^^^
  File "d:\Source\repos\TILES-PYTHON\main.py", line 179, in update
    self.game_engine.update(0, dt)
    ~~~~~~~~~~~~~~~~~~~~~~~^^^^^^^
  File "d:\Source\repos\TILES-PYTHON\src\gameplay\engine.py", line 293, in update
    snow.update(dt, constants.SCREEN_WIDTH, constants.SCREEN_HEIGHT, snow_pulse)
    ~~~~~~~~~~~^^^^^^^^^^^^^^^^^^^^^^^^^^^^^^^^^^^^^^^^^^^^^^^^^^^^^^^^^^^^^^^^^
TypeError: SnowParticle.update() takes 4 positional arguments but 5 were given

Loop Error:
Traceback (most recent call last):
  File "d:\Source\repos\TILES-PYTHON\main.py", line 116, in run_game_loop
    self.update(dt)
    ~~~~~~~~~~~^^^^
  File "d:\Source\repos\TILES-PYTHON\main.py", line 179, in update
    self.game_engine.update(0, dt)
    ~~~~~~~~~~~~~~~~~~~~~~~^^^^^^^
  File "d:\Source\repos\TILES-PYTHON\src\gameplay\engine.py", line 293, in update
    snow.update(dt, constants.SCREEN_WIDTH, constants.SCREEN_HEIGHT, snow_pulse)
    ~~~~~~~~~~~^^^^^^^^^^^^^^^^^^^^^^^^^^^^^^^^^^^^^^^^^^^^^^^^^^^^^^^^^^^^^^^^^
TypeError: SnowParticle.update() takes 4 positional arguments but 5 were given

Loop Error:
Traceback (most recent call last):
  File "d:\Source\repos\TILES-PYTHON\main.py", line 120, in run_game_loop
    self.draw()
    ~~~~~~~~~^^
  File "d:\Source\repos\TILES-PYTHON\main.py", line 200, in draw
    self.game_engine.draw(current_time)
    ~~~~~~~~~~~~~~~~~~~~~^^^^^^^^^^^^^^
  File "d:\Source\repos\TILES-PYTHON\src\gameplay\engine.py", line 471, in draw
    if not self.paused and not self.game_over:
           ^^^^^^^^^^^
AttributeError: 'GameEngine' object has no attribute 'paused'

Loop Error:
Traceback (most recent call last):
  File "d:\Source\repos\TILES-PYTHON\main.py", line 120, in run_game_loop
    self.draw()
    ~~~~~~~~~^^
  File "d:\Source\repos\TILES-PYTHON\main.py", line 200, in draw
    self.game_engine.draw(current_time)
    ~~~~~~~~~~~~~~~~~~~~~^^^^^^^^^^^^^^
  File "d:\Source\repos\TILES-PYTHON\src\gameplay\engine.py", line 471, in draw
    if not self.paused and not self.game_over:
           ^^^^^^^^^^^
AttributeError: 'GameEngine' object has no attribute 'paused'

Loop Error:
Traceback (most recent call last):
  File "d:\Source\repos\TILES-PYTHON\main.py", line 120, in run_game_loop
    self.draw()
    ~~~~~~~~~^^
  File "d:\Source\repos\TILES-PYTHON\main.py", line 200, in draw
    self.game_engine.draw(current_time)
    ~~~~~~~~~~~~~~~~~~~~~^^^^^^^^^^^^^^
  File "d:\Source\repos\TILES-PYTHON\src\gameplay\engine.py", line 471, in draw
    if not self.paused and not self.game_over:
           ^^^^^^^^^^^
AttributeError: 'GameEngine' object has no attribute 'paused'

Loop Error:
Traceback (most recent call last):
  File "d:\Source\repos\TILES-PYTHON\main.py", line 120, in run_game_loop
    self.draw()
    ~~~~~~~~~^^
  File "d:\Source\repos\TILES-PYTHON\main.py", line 200, in draw
    self.game_engine.draw(current_time)
    ~~~~~~~~~~~~~~~~~~~~~^^^^^^^^^^^^^^
  File "d:\Source\repos\TILES-PYTHON\src\gameplay\engine.py", line 471, in draw
    if not self.paused and not self.game_over:
           ^^^^^^^^^^^
AttributeError: 'GameEngine' object has no attribute 'paused'

Loop Error:
Traceback (most recent call last):
  File "d:\Source\repos\TILES-PYTHON\main.py", line 120, in run_game_loop
    self.draw()
    ~~~~~~~~~^^
  File "d:\Source\repos\TILES-PYTHON\main.py", line 200, in draw
    self.game_engine.draw(current_time)
    ~~~~~~~~~~~~~~~~~~~~~^^^^^^^^^^^^^^
  File "d:\Source\repos\TILES-PYTHON\src\gameplay\engine.py", line 471, in draw
    if not self.paused and not self.game_over:
           ^^^^^^^^^^^
AttributeError: 'GameEngine' object has no attribute 'paused'

Loop Error:
Traceback (most recent call last):
  File "d:\Source\repos\TILES-PYTHON\main.py", line 120, in run_game_loop
    self.draw()
    ~~~~~~~~~^^
  File "d:\Source\repos\TILES-PYTHON\main.py", line 246, in draw
    self.game_engine.draw(current_time)
    ~~~~~~~~~~~~~~~~~~~~~^^^^^^^^^^^^^^
  File "d:\Source\repos\TILES-PYTHON\src\gameplay\engine.py", line 471, in draw
    if not self.paused and not self.game_over:
           ^^^^^^^^^^^
AttributeError: 'GameEngine' object has no attribute 'paused'

Loop Error:
Traceback (most recent call last):
  File "d:\Source\repos\TILES-PYTHON\main.py", line 120, in run_game_loop
    self.draw()
    ~~~~~~~~~^^
  File "d:\Source\repos\TILES-PYTHON\main.py", line 246, in draw
    self.game_engine.draw(current_time)
    ~~~~~~~~~~~~~~~~~~~~~^^^^^^^^^^^^^^
  File "d:\Source\repos\TILES-PYTHON\src\gameplay\engine.py", line 471, in draw
    if not self.paused and not self.game_over:
           ^^^^^^^^^^^
AttributeError: 'GameEngine' object has no attribute 'paused'
